CRITICAL - 2022-02-04 08:58:46 --> include(masthead.php): failed to open stream: No such file or directory
#0 C:\xampp\htdocs\moduloRh\app\Views\tables.php(1): CodeIgniter\Debug\Exceptions->errorHandler(2, 'include(masthea...', 'C:\\xampp\\htdocs...', 1, Array)
#1 C:\xampp\htdocs\moduloRh\app\Views\tables.php(1): include()
#2 C:\xampp\htdocs\moduloRh\system\View\View.php(210): include('C:\\xampp\\htdocs...')
#3 C:\xampp\htdocs\moduloRh\system\View\View.php(213): CodeIgniter\View\View->CodeIgniter\View\{closure}()
#4 C:\xampp\htdocs\moduloRh\system\Common.php(1089): CodeIgniter\View\View->render('tables', Array, true)
#5 C:\xampp\htdocs\moduloRh\app\Controllers\Home.php(9): view('tables')
#6 C:\xampp\htdocs\moduloRh\system\CodeIgniter.php(825): App\Controllers\Home->index()
#7 C:\xampp\htdocs\moduloRh\system\CodeIgniter.php(412): CodeIgniter\CodeIgniter->runController(Object(App\Controllers\Home))
#8 C:\xampp\htdocs\moduloRh\system\CodeIgniter.php(320): CodeIgniter\CodeIgniter->handleRequest(NULL, Object(Config\Cache), false)
#9 C:\xampp\htdocs\moduloRh\public\index.php(37): CodeIgniter\CodeIgniter->run()
#10 {main}
CRITICAL - 2022-02-04 09:38:31 --> Invalid file: table.php
#0 C:\xampp\htdocs\moduloRh\system\View\View.php(198): CodeIgniter\Exceptions\FrameworkException::forInvalidFile('table.php')
#1 C:\xampp\htdocs\moduloRh\system\Common.php(1089): CodeIgniter\View\View->render('table', Array, true)
#2 C:\xampp\htdocs\moduloRh\app\Controllers\Home.php(29): view('table')
#3 C:\xampp\htdocs\moduloRh\system\CodeIgniter.php(825): App\Controllers\Home->table()
#4 C:\xampp\htdocs\moduloRh\system\CodeIgniter.php(412): CodeIgniter\CodeIgniter->runController(Object(App\Controllers\Home))
#5 C:\xampp\htdocs\moduloRh\system\CodeIgniter.php(320): CodeIgniter\CodeIgniter->handleRequest(NULL, Object(Config\Cache), false)
#6 C:\xampp\htdocs\moduloRh\public\index.php(37): CodeIgniter\CodeIgniter->run()
#7 {main}
