CRITICAL - 2022-02-13 09:17:59 --> Invalid argument supplied for foreach()
#0 C:\xampp\htdocs\moduloRh\app\Views\register-employee.php(260): CodeIgniter\Debug\Exceptions->errorHandler(2, 'Invalid argumen...', 'C:\\xampp\\htdocs...', 260, Array)
#1 C:\xampp\htdocs\moduloRh\system\View\View.php(210): include('C:\\xampp\\htdocs...')
#2 C:\xampp\htdocs\moduloRh\system\View\View.php(213): CodeIgniter\View\View->CodeIgniter\View\{closure}()
#3 C:\xampp\htdocs\moduloRh\system\Common.php(1089): CodeIgniter\View\View->render('register-employ...', Array, true)
#4 C:\xampp\htdocs\moduloRh\app\Controllers\Funcionarios.php(62): view('register-employ...', Array)
#5 C:\xampp\htdocs\moduloRh\system\CodeIgniter.php(825): App\Controllers\Funcionarios->registerEmployee()
#6 C:\xampp\htdocs\moduloRh\system\CodeIgniter.php(412): CodeIgniter\CodeIgniter->runController(Object(App\Controllers\Funcionarios))
#7 C:\xampp\htdocs\moduloRh\system\CodeIgniter.php(320): CodeIgniter\CodeIgniter->handleRequest(NULL, Object(Config\Cache), false)
#8 C:\xampp\htdocs\moduloRh\public\index.php(37): CodeIgniter\CodeIgniter->run()
#9 {main}
CRITICAL - 2022-02-13 09:18:13 --> Invalid argument supplied for foreach()
#0 C:\xampp\htdocs\moduloRh\app\Views\employee.php(54): CodeIgniter\Debug\Exceptions->errorHandler(2, 'Invalid argumen...', 'C:\\xampp\\htdocs...', 54, Array)
#1 C:\xampp\htdocs\moduloRh\system\View\View.php(210): include('C:\\xampp\\htdocs...')
#2 C:\xampp\htdocs\moduloRh\system\View\View.php(213): CodeIgniter\View\View->CodeIgniter\View\{closure}()
#3 C:\xampp\htdocs\moduloRh\system\Common.php(1089): CodeIgniter\View\View->render('employee', Array, true)
#4 C:\xampp\htdocs\moduloRh\app\Controllers\Funcionarios.php(20): view('employee', Array)
#5 C:\xampp\htdocs\moduloRh\system\CodeIgniter.php(825): App\Controllers\Funcionarios->index()
#6 C:\xampp\htdocs\moduloRh\system\CodeIgniter.php(412): CodeIgniter\CodeIgniter->runController(Object(App\Controllers\Funcionarios))
#7 C:\xampp\htdocs\moduloRh\system\CodeIgniter.php(320): CodeIgniter\CodeIgniter->handleRequest(NULL, Object(Config\Cache), false)
#8 C:\xampp\htdocs\moduloRh\public\index.php(37): CodeIgniter\CodeIgniter->run()
#9 {main}
CRITICAL - 2022-02-13 09:21:46 --> Invalid argument supplied for foreach()
#0 C:\xampp\htdocs\moduloRh\app\Views\employee.php(54): CodeIgniter\Debug\Exceptions->errorHandler(2, 'Invalid argumen...', 'C:\\xampp\\htdocs...', 54, Array)
#1 C:\xampp\htdocs\moduloRh\system\View\View.php(210): include('C:\\xampp\\htdocs...')
#2 C:\xampp\htdocs\moduloRh\system\View\View.php(213): CodeIgniter\View\View->CodeIgniter\View\{closure}()
#3 C:\xampp\htdocs\moduloRh\system\Common.php(1089): CodeIgniter\View\View->render('employee', Array, true)
#4 C:\xampp\htdocs\moduloRh\app\Controllers\Funcionarios.php(20): view('employee', Array)
#5 C:\xampp\htdocs\moduloRh\system\CodeIgniter.php(825): App\Controllers\Funcionarios->index()
#6 C:\xampp\htdocs\moduloRh\system\CodeIgniter.php(412): CodeIgniter\CodeIgniter->runController(Object(App\Controllers\Funcionarios))
#7 C:\xampp\htdocs\moduloRh\system\CodeIgniter.php(320): CodeIgniter\CodeIgniter->handleRequest(NULL, Object(Config\Cache), false)
#8 C:\xampp\htdocs\moduloRh\public\index.php(37): CodeIgniter\CodeIgniter->run()
#9 {main}
CRITICAL - 2022-02-13 09:23:00 --> Invalid argument supplied for foreach()
#0 C:\xampp\htdocs\moduloRh\app\Views\employee.php(54): CodeIgniter\Debug\Exceptions->errorHandler(2, 'Invalid argumen...', 'C:\\xampp\\htdocs...', 54, Array)
#1 C:\xampp\htdocs\moduloRh\system\View\View.php(210): include('C:\\xampp\\htdocs...')
#2 C:\xampp\htdocs\moduloRh\system\View\View.php(213): CodeIgniter\View\View->CodeIgniter\View\{closure}()
#3 C:\xampp\htdocs\moduloRh\system\Common.php(1089): CodeIgniter\View\View->render('employee', Array, true)
#4 C:\xampp\htdocs\moduloRh\app\Controllers\Funcionarios.php(20): view('employee', Array)
#5 C:\xampp\htdocs\moduloRh\system\CodeIgniter.php(825): App\Controllers\Funcionarios->index()
#6 C:\xampp\htdocs\moduloRh\system\CodeIgniter.php(412): CodeIgniter\CodeIgniter->runController(Object(App\Controllers\Funcionarios))
#7 C:\xampp\htdocs\moduloRh\system\CodeIgniter.php(320): CodeIgniter\CodeIgniter->handleRequest(NULL, Object(Config\Cache), false)
#8 C:\xampp\htdocs\moduloRh\public\index.php(37): CodeIgniter\CodeIgniter->run()
#9 {main}
CRITICAL - 2022-02-13 09:23:06 --> Invalid argument supplied for foreach()
#0 C:\xampp\htdocs\moduloRh\app\Views\employee.php(54): CodeIgniter\Debug\Exceptions->errorHandler(2, 'Invalid argumen...', 'C:\\xampp\\htdocs...', 54, Array)
#1 C:\xampp\htdocs\moduloRh\system\View\View.php(210): include('C:\\xampp\\htdocs...')
#2 C:\xampp\htdocs\moduloRh\system\View\View.php(213): CodeIgniter\View\View->CodeIgniter\View\{closure}()
#3 C:\xampp\htdocs\moduloRh\system\Common.php(1089): CodeIgniter\View\View->render('employee', Array, true)
#4 C:\xampp\htdocs\moduloRh\app\Controllers\Funcionarios.php(20): view('employee', Array)
#5 C:\xampp\htdocs\moduloRh\system\CodeIgniter.php(825): App\Controllers\Funcionarios->index()
#6 C:\xampp\htdocs\moduloRh\system\CodeIgniter.php(412): CodeIgniter\CodeIgniter->runController(Object(App\Controllers\Funcionarios))
#7 C:\xampp\htdocs\moduloRh\system\CodeIgniter.php(320): CodeIgniter\CodeIgniter->handleRequest(NULL, Object(Config\Cache), false)
#8 C:\xampp\htdocs\moduloRh\public\index.php(37): CodeIgniter\CodeIgniter->run()
#9 {main}
CRITICAL - 2022-02-13 09:23:56 --> Undefined index: funcionario
#0 C:\xampp\htdocs\moduloRh\app\Controllers\Funcionarios.php(19): CodeIgniter\Debug\Exceptions->errorHandler(8, 'Undefined index...', 'C:\\xampp\\htdocs...', 19, Array)
#1 C:\xampp\htdocs\moduloRh\system\CodeIgniter.php(825): App\Controllers\Funcionarios->index()
#2 C:\xampp\htdocs\moduloRh\system\CodeIgniter.php(412): CodeIgniter\CodeIgniter->runController(Object(App\Controllers\Funcionarios))
#3 C:\xampp\htdocs\moduloRh\system\CodeIgniter.php(320): CodeIgniter\CodeIgniter->handleRequest(NULL, Object(Config\Cache), false)
#4 C:\xampp\htdocs\moduloRh\public\index.php(37): CodeIgniter\CodeIgniter->run()
#5 {main}
CRITICAL - 2022-02-13 09:25:07 --> Cannot use isset() on the result of an expression (you can use "null !== expression" instead)
#0 [internal function]: CodeIgniter\Debug\Exceptions->shutdownHandler()
#1 {main}
