CRITICAL - 2022-02-11 07:17:39 --> Illegal string offset 'name'
#0 C:\xampp\htdocs\moduloRh\app\Views\cargos.php(76): CodeIgniter\Debug\Exceptions->errorHandler(2, 'Illegal string ...', 'C:\\xampp\\htdocs...', 76, Array)
#1 C:\xampp\htdocs\moduloRh\system\View\View.php(210): include('C:\\xampp\\htdocs...')
#2 C:\xampp\htdocs\moduloRh\system\View\View.php(213): CodeIgniter\View\View->CodeIgniter\View\{closure}()
#3 C:\xampp\htdocs\moduloRh\system\Common.php(1089): CodeIgniter\View\View->render('cargos', Array, true)
#4 C:\xampp\htdocs\moduloRh\app\Controllers\CargoController.php(46): view('cargos', Array)
#5 C:\xampp\htdocs\moduloRh\system\CodeIgniter.php(825): App\Controllers\CargoController->listCargoBySector('1')
#6 C:\xampp\htdocs\moduloRh\system\CodeIgniter.php(412): CodeIgniter\CodeIgniter->runController(Object(App\Controllers\CargoController))
#7 C:\xampp\htdocs\moduloRh\system\CodeIgniter.php(320): CodeIgniter\CodeIgniter->handleRequest(NULL, Object(Config\Cache), false)
#8 C:\xampp\htdocs\moduloRh\public\index.php(37): CodeIgniter\CodeIgniter->run()
#9 {main}
CRITICAL - 2022-02-11 07:19:06 --> Illegal string offset 'name'
#0 C:\xampp\htdocs\moduloRh\app\Views\cargos.php(76): CodeIgniter\Debug\Exceptions->errorHandler(2, 'Illegal string ...', 'C:\\xampp\\htdocs...', 76, Array)
#1 C:\xampp\htdocs\moduloRh\system\View\View.php(210): include('C:\\xampp\\htdocs...')
#2 C:\xampp\htdocs\moduloRh\system\View\View.php(213): CodeIgniter\View\View->CodeIgniter\View\{closure}()
#3 C:\xampp\htdocs\moduloRh\system\Common.php(1089): CodeIgniter\View\View->render('cargos', Array, true)
#4 C:\xampp\htdocs\moduloRh\app\Controllers\CargoController.php(46): view('cargos', Array)
#5 C:\xampp\htdocs\moduloRh\system\CodeIgniter.php(825): App\Controllers\CargoController->listCargoBySector('1')
#6 C:\xampp\htdocs\moduloRh\system\CodeIgniter.php(412): CodeIgniter\CodeIgniter->runController(Object(App\Controllers\CargoController))
#7 C:\xampp\htdocs\moduloRh\system\CodeIgniter.php(320): CodeIgniter\CodeIgniter->handleRequest(NULL, Object(Config\Cache), false)
#8 C:\xampp\htdocs\moduloRh\public\index.php(37): CodeIgniter\CodeIgniter->run()
#9 {main}
CRITICAL - 2022-02-11 08:36:16 --> Trying to access array offset on value of type null
#0 C:\xampp\htdocs\moduloRh\app\Controllers\Home.php(43): CodeIgniter\Debug\Exceptions->errorHandler(8, 'Trying to acces...', 'C:\\xampp\\htdocs...', 43, Array)
#1 C:\xampp\htdocs\moduloRh\system\CodeIgniter.php(825): App\Controllers\Home->logar()
#2 C:\xampp\htdocs\moduloRh\system\CodeIgniter.php(412): CodeIgniter\CodeIgniter->runController(Object(App\Controllers\Home))
#3 C:\xampp\htdocs\moduloRh\system\CodeIgniter.php(320): CodeIgniter\CodeIgniter->handleRequest(NULL, Object(Config\Cache), false)
#4 C:\xampp\htdocs\moduloRh\public\index.php(37): CodeIgniter\CodeIgniter->run()
#5 {main}
CRITICAL - 2022-02-11 08:48:41 --> Undefined index: user
#0 C:\xampp\htdocs\moduloRh\app\Views\masterhead.php(110): CodeIgniter\Debug\Exceptions->errorHandler(8, 'Undefined index...', 'C:\\xampp\\htdocs...', 110, Array)
#1 C:\xampp\htdocs\moduloRh\app\Views\index.php(1): include('C:\\xampp\\htdocs...')
#2 C:\xampp\htdocs\moduloRh\system\View\View.php(210): include('C:\\xampp\\htdocs...')
#3 C:\xampp\htdocs\moduloRh\system\View\View.php(213): CodeIgniter\View\View->CodeIgniter\View\{closure}()
#4 C:\xampp\htdocs\moduloRh\system\Common.php(1089): CodeIgniter\View\View->render('index', Array, true)
#5 C:\xampp\htdocs\moduloRh\app\Controllers\Home.php(13): view('index')
#6 C:\xampp\htdocs\moduloRh\system\CodeIgniter.php(825): App\Controllers\Home->principal()
#7 C:\xampp\htdocs\moduloRh\system\CodeIgniter.php(412): CodeIgniter\CodeIgniter->runController(Object(App\Controllers\Home))
#8 C:\xampp\htdocs\moduloRh\system\CodeIgniter.php(320): CodeIgniter\CodeIgniter->handleRequest(NULL, Object(Config\Cache), false)
#9 C:\xampp\htdocs\moduloRh\public\index.php(37): CodeIgniter\CodeIgniter->run()
#10 {main}
CRITICAL - 2022-02-11 09:05:35 --> syntax error, unexpected end of file, expecting elseif (T_ELSEIF) or else (T_ELSE) or endif (T_ENDIF)
#0 C:\xampp\htdocs\moduloRh\system\View\View.php(213): CodeIgniter\View\View->CodeIgniter\View\{closure}()
#1 C:\xampp\htdocs\moduloRh\system\Common.php(1089): CodeIgniter\View\View->render('employee', Array, true)
#2 C:\xampp\htdocs\moduloRh\app\Controllers\Funcionarios.php(20): view('employee', Array)
#3 C:\xampp\htdocs\moduloRh\system\CodeIgniter.php(825): App\Controllers\Funcionarios->index()
#4 C:\xampp\htdocs\moduloRh\system\CodeIgniter.php(412): CodeIgniter\CodeIgniter->runController(Object(App\Controllers\Funcionarios))
#5 C:\xampp\htdocs\moduloRh\system\CodeIgniter.php(320): CodeIgniter\CodeIgniter->handleRequest(NULL, Object(Config\Cache), false)
#6 C:\xampp\htdocs\moduloRh\public\index.php(37): CodeIgniter\CodeIgniter->run()
#7 {main}
CRITICAL - 2022-02-11 09:07:57 --> syntax error, unexpected end of file
#0 C:\xampp\htdocs\moduloRh\system\View\View.php(213): CodeIgniter\View\View->CodeIgniter\View\{closure}()
#1 C:\xampp\htdocs\moduloRh\system\Common.php(1089): CodeIgniter\View\View->render('register-paymen...', Array, true)
#2 C:\xampp\htdocs\moduloRh\app\Controllers\Pagamentos.php(36): view('register-paymen...', Array)
#3 C:\xampp\htdocs\moduloRh\system\CodeIgniter.php(825): App\Controllers\Pagamentos->registerPayment('3')
#4 C:\xampp\htdocs\moduloRh\system\CodeIgniter.php(412): CodeIgniter\CodeIgniter->runController(Object(App\Controllers\Pagamentos))
#5 C:\xampp\htdocs\moduloRh\system\CodeIgniter.php(320): CodeIgniter\CodeIgniter->handleRequest(NULL, Object(Config\Cache), false)
#6 C:\xampp\htdocs\moduloRh\public\index.php(37): CodeIgniter\CodeIgniter->run()
#7 {main}
CRITICAL - 2022-02-11 16:58:33 --> Trying to access array offset on value of type null
#0 C:\xampp\htdocs\moduloRh\app\Views\dashboard-employee.php(17): CodeIgniter\Debug\Exceptions->errorHandler(8, 'Trying to acces...', 'C:\\xampp\\htdocs...', 17, Array)
#1 C:\xampp\htdocs\moduloRh\system\View\View.php(210): include('C:\\xampp\\htdocs...')
#2 C:\xampp\htdocs\moduloRh\system\View\View.php(213): CodeIgniter\View\View->CodeIgniter\View\{closure}()
#3 C:\xampp\htdocs\moduloRh\system\Common.php(1089): CodeIgniter\View\View->render('dashboard-emplo...', Array, true)
#4 C:\xampp\htdocs\moduloRh\app\Controllers\Funcionarios.php(120): view('dashboard-emplo...', Array)
#5 C:\xampp\htdocs\moduloRh\system\CodeIgniter.php(825): App\Controllers\Funcionarios->dashboardEmployee('4')
#6 C:\xampp\htdocs\moduloRh\system\CodeIgniter.php(412): CodeIgniter\CodeIgniter->runController(Object(App\Controllers\Funcionarios))
#7 C:\xampp\htdocs\moduloRh\system\CodeIgniter.php(320): CodeIgniter\CodeIgniter->handleRequest(NULL, Object(Config\Cache), false)
#8 C:\xampp\htdocs\moduloRh\public\index.php(37): CodeIgniter\CodeIgniter->run()
#9 {main}
CRITICAL - 2022-02-11 18:16:16 --> Undefined variable: dados
#0 C:\xampp\htdocs\moduloRh\app\Views\register-employee.php(63): CodeIgniter\Debug\Exceptions->errorHandler(8, 'Undefined varia...', 'C:\\xampp\\htdocs...', 63, Array)
#1 C:\xampp\htdocs\moduloRh\system\View\View.php(210): include('C:\\xampp\\htdocs...')
#2 C:\xampp\htdocs\moduloRh\system\View\View.php(213): CodeIgniter\View\View->CodeIgniter\View\{closure}()
#3 C:\xampp\htdocs\moduloRh\system\Common.php(1089): CodeIgniter\View\View->render('register-employ...', Array, true)
#4 C:\xampp\htdocs\moduloRh\app\Controllers\Funcionarios.php(46): view('register-employ...', Array)
#5 C:\xampp\htdocs\moduloRh\system\CodeIgniter.php(825): App\Controllers\Funcionarios->registerEmployee()
#6 C:\xampp\htdocs\moduloRh\system\CodeIgniter.php(412): CodeIgniter\CodeIgniter->runController(Object(App\Controllers\Funcionarios))
#7 C:\xampp\htdocs\moduloRh\system\CodeIgniter.php(320): CodeIgniter\CodeIgniter->handleRequest(NULL, Object(Config\Cache), false)
#8 C:\xampp\htdocs\moduloRh\public\index.php(37): CodeIgniter\CodeIgniter->run()
#9 {main}
CRITICAL - 2022-02-11 18:23:51 --> Undefined index: cargo
#0 C:\xampp\htdocs\moduloRh\app\Controllers\Funcionarios.php(55): CodeIgniter\Debug\Exceptions->errorHandler(8, 'Undefined index...', 'C:\\xampp\\htdocs...', 55, Array)
#1 C:\xampp\htdocs\moduloRh\system\CodeIgniter.php(825): App\Controllers\Funcionarios->salvarApi()
#2 C:\xampp\htdocs\moduloRh\system\CodeIgniter.php(412): CodeIgniter\CodeIgniter->runController(Object(App\Controllers\Funcionarios))
#3 C:\xampp\htdocs\moduloRh\system\CodeIgniter.php(320): CodeIgniter\CodeIgniter->handleRequest(NULL, Object(Config\Cache), false)
#4 C:\xampp\htdocs\moduloRh\public\index.php(37): CodeIgniter\CodeIgniter->run()
#5 {main}
CRITICAL - 2022-02-11 18:24:21 --> Undefined index: cargo
#0 C:\xampp\htdocs\moduloRh\app\Controllers\Funcionarios.php(55): CodeIgniter\Debug\Exceptions->errorHandler(8, 'Undefined index...', 'C:\\xampp\\htdocs...', 55, Array)
#1 C:\xampp\htdocs\moduloRh\system\CodeIgniter.php(825): App\Controllers\Funcionarios->salvarApi()
#2 C:\xampp\htdocs\moduloRh\system\CodeIgniter.php(412): CodeIgniter\CodeIgniter->runController(Object(App\Controllers\Funcionarios))
#3 C:\xampp\htdocs\moduloRh\system\CodeIgniter.php(320): CodeIgniter\CodeIgniter->handleRequest(NULL, Object(Config\Cache), false)
#4 C:\xampp\htdocs\moduloRh\public\index.php(37): CodeIgniter\CodeIgniter->run()
#5 {main}
