<<<<<<< HEAD
CRITICAL - 2022-03-14 18:33:30 --> syntax error, unexpected ']', expecting ')'
#0 C:\xampp\htdocs\moduloRh\system\Router\Router.php(175): CodeIgniter\Router\Router->autoRoute('funcionarios/da...')
#1 C:\xampp\htdocs\moduloRh\system\CodeIgniter.php(719): CodeIgniter\Router\Router->handle('funcionarios/da...')
#2 C:\xampp\htdocs\moduloRh\system\CodeIgniter.php(361): CodeIgniter\CodeIgniter->tryToRouteIt(Object(CodeIgniter\Router\RouteCollection))
=======
CRITICAL - 2022-03-14 18:51:39 --> Illegal string offset 'authority'
#0 C:\xampp\htdocs\moduloRh\app\Controllers\FeriasController.php(150): CodeIgniter\Debug\Exceptions->errorHandler(2, 'Illegal string ...', 'C:\\xampp\\htdocs...', 150, Array)
#1 C:\xampp\htdocs\moduloRh\system\CodeIgniter.php(825): App\Controllers\FeriasController->salvarFerias('3')
#2 C:\xampp\htdocs\moduloRh\system\CodeIgniter.php(412): CodeIgniter\CodeIgniter->runController(Object(App\Controllers\FeriasController))
#3 C:\xampp\htdocs\moduloRh\system\CodeIgniter.php(320): CodeIgniter\CodeIgniter->handleRequest(NULL, Object(Config\Cache), false)
#4 C:\xampp\htdocs\moduloRh\public\index.php(37): CodeIgniter\CodeIgniter->run()
#5 {main}
CRITICAL - 2022-03-14 18:57:33 --> Trying to access array offset on value of type null
#0 C:\xampp\htdocs\moduloRh\app\Controllers\Funcionarios.php(207): CodeIgniter\Debug\Exceptions->errorHandler(8, 'Trying to acces...', 'C:\\xampp\\htdocs...', 207, Array)
#1 C:\xampp\htdocs\moduloRh\system\CodeIgniter.php(825): App\Controllers\Funcionarios->salvarApi()
#2 C:\xampp\htdocs\moduloRh\system\CodeIgniter.php(412): CodeIgniter\CodeIgniter->runController(Object(App\Controllers\Funcionarios))
>>>>>>> 320e187b1ab9dbf73e2c469b780e692526d34bfe
#3 C:\xampp\htdocs\moduloRh\system\CodeIgniter.php(320): CodeIgniter\CodeIgniter->handleRequest(NULL, Object(Config\Cache), false)
#4 C:\xampp\htdocs\moduloRh\public\index.php(37): CodeIgniter\CodeIgniter->run()
#5 {main}
