CRITICAL - 2022-02-17 13:40:24 --> Undefined index: cargo
#0 C:\xampp\htdocs\moduloRh\app\Controllers\Funcionarios.php(131): CodeIgniter\Debug\Exceptions->errorHandler(8, 'Undefined index...', 'C:\\xampp\\htdocs...', 131, Array)
#1 C:\xampp\htdocs\moduloRh\system\CodeIgniter.php(825): App\Controllers\Funcionarios->salvarApi()
#2 C:\xampp\htdocs\moduloRh\system\CodeIgniter.php(412): CodeIgniter\CodeIgniter->runController(Object(App\Controllers\Funcionarios))
#3 C:\xampp\htdocs\moduloRh\system\CodeIgniter.php(320): CodeIgniter\CodeIgniter->handleRequest(NULL, Object(Config\Cache), false)
#4 C:\xampp\htdocs\moduloRh\public\index.php(37): CodeIgniter\CodeIgniter->run()
#5 {main}
CRITICAL - 2022-02-17 14:56:04 --> Undefined index: name
#0 C:\xampp\htdocs\moduloRh\app\Views\register-payment.php(22): CodeIgniter\Debug\Exceptions->errorHandler(8, 'Undefined index...', 'C:\\xampp\\htdocs...', 22, Array)
#1 C:\xampp\htdocs\moduloRh\system\View\View.php(210): include('C:\\xampp\\htdocs...')
#2 C:\xampp\htdocs\moduloRh\system\View\View.php(213): CodeIgniter\View\View->CodeIgniter\View\{closure}()
#3 C:\xampp\htdocs\moduloRh\system\Common.php(1089): CodeIgniter\View\View->render('register-paymen...', Array, true)
#4 C:\xampp\htdocs\moduloRh\app\Controllers\Pagamentos.php(36): view('register-paymen...', Array)
#5 C:\xampp\htdocs\moduloRh\system\CodeIgniter.php(825): App\Controllers\Pagamentos->registerPayment('6')
#6 C:\xampp\htdocs\moduloRh\system\CodeIgniter.php(412): CodeIgniter\CodeIgniter->runController(Object(App\Controllers\Pagamentos))
#7 C:\xampp\htdocs\moduloRh\system\CodeIgniter.php(320): CodeIgniter\CodeIgniter->handleRequest(NULL, Object(Config\Cache), false)
#8 C:\xampp\htdocs\moduloRh\public\index.php(37): CodeIgniter\CodeIgniter->run()
#9 {main}
CRITICAL - 2022-02-17 15:24:10 --> date() expects parameter 2 to be int, string given
#0 [internal function]: CodeIgniter\Debug\Exceptions->errorHandler(2, 'date() expects ...', 'C:\\xampp\\htdocs...', 89, Array)
#1 C:\xampp\htdocs\moduloRh\app\Views\register-employee.php(89): date('02/02/2002', 'd-m-Y')
#2 C:\xampp\htdocs\moduloRh\system\View\View.php(210): include('C:\\xampp\\htdocs...')
#3 C:\xampp\htdocs\moduloRh\system\View\View.php(213): CodeIgniter\View\View->CodeIgniter\View\{closure}()
#4 C:\xampp\htdocs\moduloRh\system\Common.php(1089): CodeIgniter\View\View->render('register-employ...', Array, true)
#5 C:\xampp\htdocs\moduloRh\app\Controllers\Funcionarios.php(62): view('register-employ...', Array)
#6 C:\xampp\htdocs\moduloRh\system\CodeIgniter.php(825): App\Controllers\Funcionarios->registerEmployee('6')
#7 C:\xampp\htdocs\moduloRh\system\CodeIgniter.php(412): CodeIgniter\CodeIgniter->runController(Object(App\Controllers\Funcionarios))
#8 C:\xampp\htdocs\moduloRh\system\CodeIgniter.php(320): CodeIgniter\CodeIgniter->handleRequest(NULL, Object(Config\Cache), false)
#9 C:\xampp\htdocs\moduloRh\public\index.php(37): CodeIgniter\CodeIgniter->run()
#10 {main}
CRITICAL - 2022-02-17 15:42:47 --> Invalid file: register-ajuste.php
#0 C:\xampp\htdocs\moduloRh\system\View\View.php(198): CodeIgniter\Exceptions\FrameworkException::forInvalidFile('register-ajuste...')
#1 C:\xampp\htdocs\moduloRh\system\Common.php(1089): CodeIgniter\View\View->render('register-ajuste', Array, true)
#2 C:\xampp\htdocs\moduloRh\app\Controllers\AjustesSalariais.php(41): view('register-ajuste', Array)
#3 C:\xampp\htdocs\moduloRh\system\CodeIgniter.php(825): App\Controllers\AjustesSalariais->registerAjuste('6')
#4 C:\xampp\htdocs\moduloRh\system\CodeIgniter.php(412): CodeIgniter\CodeIgniter->runController(Object(App\Controllers\AjustesSalariais))
#5 C:\xampp\htdocs\moduloRh\system\CodeIgniter.php(320): CodeIgniter\CodeIgniter->handleRequest(NULL, Object(Config\Cache), false)
#6 C:\xampp\htdocs\moduloRh\public\index.php(37): CodeIgniter\CodeIgniter->run()
#7 {main}
CRITICAL - 2022-02-17 15:53:49 --> Illegal string offset 'name'
#0 C:\xampp\htdocs\moduloRh\app\Views\ajustes-salariais.php(52): CodeIgniter\Debug\Exceptions->errorHandler(2, 'Illegal string ...', 'C:\\xampp\\htdocs...', 52, Array)
#1 C:\xampp\htdocs\moduloRh\system\View\View.php(210): include('C:\\xampp\\htdocs...')
#2 C:\xampp\htdocs\moduloRh\system\View\View.php(213): CodeIgniter\View\View->CodeIgniter\View\{closure}()
#3 C:\xampp\htdocs\moduloRh\system\Common.php(1089): CodeIgniter\View\View->render('ajustes-salaria...', Array, true)
#4 C:\xampp\htdocs\moduloRh\app\Controllers\AjustesSalariais.php(20): view('ajustes-salaria...', Array)
#5 C:\xampp\htdocs\moduloRh\system\CodeIgniter.php(825): App\Controllers\AjustesSalariais->index()
#6 C:\xampp\htdocs\moduloRh\system\CodeIgniter.php(412): CodeIgniter\CodeIgniter->runController(Object(App\Controllers\AjustesSalariais))
#7 C:\xampp\htdocs\moduloRh\system\CodeIgniter.php(320): CodeIgniter\CodeIgniter->handleRequest(NULL, Object(Config\Cache), false)
#8 C:\xampp\htdocs\moduloRh\public\index.php(37): CodeIgniter\CodeIgniter->run()
#9 {main}
CRITICAL - 2022-02-17 15:55:56 --> Undefined variable: funcionarios
#0 C:\xampp\htdocs\moduloRh\app\Views\ajustes-salariais.php(105): CodeIgniter\Debug\Exceptions->errorHandler(8, 'Undefined varia...', 'C:\\xampp\\htdocs...', 105, Array)
#1 C:\xampp\htdocs\moduloRh\system\View\View.php(210): include('C:\\xampp\\htdocs...')
#2 C:\xampp\htdocs\moduloRh\system\View\View.php(213): CodeIgniter\View\View->CodeIgniter\View\{closure}()
#3 C:\xampp\htdocs\moduloRh\system\Common.php(1089): CodeIgniter\View\View->render('ajustes-salaria...', Array, true)
#4 C:\xampp\htdocs\moduloRh\app\Controllers\AjustesSalariais.php(22): view('ajustes-salaria...', Array)
#5 C:\xampp\htdocs\moduloRh\system\CodeIgniter.php(825): App\Controllers\AjustesSalariais->index()
#6 C:\xampp\htdocs\moduloRh\system\CodeIgniter.php(412): CodeIgniter\CodeIgniter->runController(Object(App\Controllers\AjustesSalariais))
#7 C:\xampp\htdocs\moduloRh\system\CodeIgniter.php(320): CodeIgniter\CodeIgniter->handleRequest(NULL, Object(Config\Cache), false)
#8 C:\xampp\htdocs\moduloRh\public\index.php(37): CodeIgniter\CodeIgniter->run()
#9 {main}
CRITICAL - 2022-02-17 15:57:12 --> Trying to access array offset on value of type null
#0 C:\xampp\htdocs\moduloRh\app\Views\register-ajuste.php(22): CodeIgniter\Debug\Exceptions->errorHandler(8, 'Trying to acces...', 'C:\\xampp\\htdocs...', 22, Array)
#1 C:\xampp\htdocs\moduloRh\system\View\View.php(210): include('C:\\xampp\\htdocs...')
#2 C:\xampp\htdocs\moduloRh\system\View\View.php(213): CodeIgniter\View\View->CodeIgniter\View\{closure}()
#3 C:\xampp\htdocs\moduloRh\system\Common.php(1089): CodeIgniter\View\View->render('register-ajuste', Array, true)
#4 C:\xampp\htdocs\moduloRh\app\Controllers\AjustesSalariais.php(43): view('register-ajuste', Array)
#5 C:\xampp\htdocs\moduloRh\system\CodeIgniter.php(825): App\Controllers\AjustesSalariais->registerAjuste('1')
#6 C:\xampp\htdocs\moduloRh\system\CodeIgniter.php(412): CodeIgniter\CodeIgniter->runController(Object(App\Controllers\AjustesSalariais))
#7 C:\xampp\htdocs\moduloRh\system\CodeIgniter.php(320): CodeIgniter\CodeIgniter->handleRequest(NULL, Object(Config\Cache), false)
#8 C:\xampp\htdocs\moduloRh\public\index.php(37): CodeIgniter\CodeIgniter->run()
#9 {main}
CRITICAL - 2022-02-17 16:04:56 --> Undefined variable: dados
#0 C:\xampp\htdocs\moduloRh\app\Views\register-ajuste.php(39): CodeIgniter\Debug\Exceptions->errorHandler(8, 'Undefined varia...', 'C:\\xampp\\htdocs...', 39, Array)
#1 C:\xampp\htdocs\moduloRh\system\View\View.php(210): include('C:\\xampp\\htdocs...')
#2 C:\xampp\htdocs\moduloRh\system\View\View.php(213): CodeIgniter\View\View->CodeIgniter\View\{closure}()
#3 C:\xampp\htdocs\moduloRh\system\Common.php(1089): CodeIgniter\View\View->render('register-ajuste', Array, true)
#4 C:\xampp\htdocs\moduloRh\app\Controllers\AjustesSalariais.php(41): view('register-ajuste', Array)
#5 C:\xampp\htdocs\moduloRh\system\CodeIgniter.php(825): App\Controllers\AjustesSalariais->registerAjuste('1')
#6 C:\xampp\htdocs\moduloRh\system\CodeIgniter.php(412): CodeIgniter\CodeIgniter->runController(Object(App\Controllers\AjustesSalariais))
#7 C:\xampp\htdocs\moduloRh\system\CodeIgniter.php(320): CodeIgniter\CodeIgniter->handleRequest(NULL, Object(Config\Cache), false)
#8 C:\xampp\htdocs\moduloRh\public\index.php(37): CodeIgniter\CodeIgniter->run()
#9 {main}
