CRITICAL - 2022-03-13 06:45:23 --> Invalid argument supplied for foreach()
#0 C:\xampp\htdocs\moduloRh\app\Views\payment.php(38): CodeIgniter\Debug\Exceptions->errorHandler(2, 'Invalid argumen...', 'C:\\xampp\\htdocs...', 38, Array)
#1 C:\xampp\htdocs\moduloRh\system\View\View.php(210): include('C:\\xampp\\htdocs...')
#2 C:\xampp\htdocs\moduloRh\system\View\View.php(213): CodeIgniter\View\View->CodeIgniter\View\{closure}()
#3 C:\xampp\htdocs\moduloRh\system\Common.php(1089): CodeIgniter\View\View->render('payment', Array, true)
#4 C:\xampp\htdocs\moduloRh\app\Controllers\Pagamentos.php(19): view('payment', Array)
#5 C:\xampp\htdocs\moduloRh\system\CodeIgniter.php(825): App\Controllers\Pagamentos->index()
#6 C:\xampp\htdocs\moduloRh\system\CodeIgniter.php(412): CodeIgniter\CodeIgniter->runController(Object(App\Controllers\Pagamentos))
#7 C:\xampp\htdocs\moduloRh\system\CodeIgniter.php(320): CodeIgniter\CodeIgniter->handleRequest(NULL, Object(Config\Cache), false)
#8 C:\xampp\htdocs\moduloRh\public\index.php(37): CodeIgniter\CodeIgniter->run()
#9 {main}
CRITICAL - 2022-03-13 06:55:26 --> Trying to access array offset on value of type null
#0 C:\xampp\htdocs\moduloRh\app\Views\register-payment.php(22): CodeIgniter\Debug\Exceptions->errorHandler(8, 'Trying to acces...', 'C:\\xampp\\htdocs...', 22, Array)
#1 C:\xampp\htdocs\moduloRh\system\View\View.php(210): include('C:\\xampp\\htdocs...')
#2 C:\xampp\htdocs\moduloRh\system\View\View.php(213): CodeIgniter\View\View->CodeIgniter\View\{closure}()
#3 C:\xampp\htdocs\moduloRh\system\Common.php(1089): CodeIgniter\View\View->render('register-paymen...', Array, true)
#4 C:\xampp\htdocs\moduloRh\app\Controllers\Pagamentos.php(36): view('register-paymen...', Array)
#5 C:\xampp\htdocs\moduloRh\system\CodeIgniter.php(825): App\Controllers\Pagamentos->registerPayment('1')
#6 C:\xampp\htdocs\moduloRh\system\CodeIgniter.php(412): CodeIgniter\CodeIgniter->runController(Object(App\Controllers\Pagamentos))
#7 C:\xampp\htdocs\moduloRh\system\CodeIgniter.php(320): CodeIgniter\CodeIgniter->handleRequest(NULL, Object(Config\Cache), false)
#8 C:\xampp\htdocs\moduloRh\public\index.php(37): CodeIgniter\CodeIgniter->run()
#9 {main}
CRITICAL - 2022-03-13 07:04:45 --> Undefined index: username
#0 C:\xampp\htdocs\moduloRh\app\Controllers\Home.php(65): CodeIgniter\Debug\Exceptions->errorHandler(8, 'Undefined index...', 'C:\\xampp\\htdocs...', 65, Array)
#1 C:\xampp\htdocs\moduloRh\system\CodeIgniter.php(825): App\Controllers\Home->logar()
#2 C:\xampp\htdocs\moduloRh\system\CodeIgniter.php(412): CodeIgniter\CodeIgniter->runController(Object(App\Controllers\Home))
#3 C:\xampp\htdocs\moduloRh\system\CodeIgniter.php(320): CodeIgniter\CodeIgniter->handleRequest(NULL, Object(Config\Cache), false)
#4 C:\xampp\htdocs\moduloRh\public\index.php(37): CodeIgniter\CodeIgniter->run()
#5 {main}
CRITICAL - 2022-03-13 08:03:41 --> Undefined index: id
#0 C:\xampp\htdocs\moduloRh\app\Views\payment.php(51): CodeIgniter\Debug\Exceptions->errorHandler(8, 'Undefined index...', 'C:\\xampp\\htdocs...', 51, Array)
#1 C:\xampp\htdocs\moduloRh\system\View\View.php(210): include('C:\\xampp\\htdocs...')
#2 C:\xampp\htdocs\moduloRh\system\View\View.php(213): CodeIgniter\View\View->CodeIgniter\View\{closure}()
#3 C:\xampp\htdocs\moduloRh\system\Common.php(1089): CodeIgniter\View\View->render('payment', Array, true)
#4 C:\xampp\htdocs\moduloRh\app\Controllers\Pagamentos.php(47): view('payment', Array)
#5 C:\xampp\htdocs\moduloRh\system\CodeIgniter.php(825): App\Controllers\Pagamentos->index()
#6 C:\xampp\htdocs\moduloRh\system\CodeIgniter.php(412): CodeIgniter\CodeIgniter->runController(Object(App\Controllers\Pagamentos))
#7 C:\xampp\htdocs\moduloRh\system\CodeIgniter.php(320): CodeIgniter\CodeIgniter->handleRequest(NULL, Object(Config\Cache), false)
#8 C:\xampp\htdocs\moduloRh\public\index.php(37): CodeIgniter\CodeIgniter->run()
#9 {main}
CRITICAL - 2022-03-13 08:14:30 --> Too few arguments to function App\Controllers\Funcionarios::dashboardEmployee(), 0 passed in C:\xampp\htdocs\moduloRh\system\CodeIgniter.php on line 825 and exactly 1 expected
#0 C:\xampp\htdocs\moduloRh\system\CodeIgniter.php(825): App\Controllers\Funcionarios->dashboardEmployee()
#1 C:\xampp\htdocs\moduloRh\system\CodeIgniter.php(412): CodeIgniter\CodeIgniter->runController(Object(App\Controllers\Funcionarios))
#2 C:\xampp\htdocs\moduloRh\system\CodeIgniter.php(320): CodeIgniter\CodeIgniter->handleRequest(NULL, Object(Config\Cache), false)
#3 C:\xampp\htdocs\moduloRh\public\index.php(37): CodeIgniter\CodeIgniter->run()
#4 {main}
CRITICAL - 2022-03-13 08:15:03 --> Too few arguments to function App\Controllers\Funcionarios::dashboardEmployee(), 0 passed in C:\xampp\htdocs\moduloRh\system\CodeIgniter.php on line 825 and exactly 1 expected
#0 C:\xampp\htdocs\moduloRh\system\CodeIgniter.php(825): App\Controllers\Funcionarios->dashboardEmployee()
#1 C:\xampp\htdocs\moduloRh\system\CodeIgniter.php(412): CodeIgniter\CodeIgniter->runController(Object(App\Controllers\Funcionarios))
#2 C:\xampp\htdocs\moduloRh\system\CodeIgniter.php(320): CodeIgniter\CodeIgniter->handleRequest(NULL, Object(Config\Cache), false)
#3 C:\xampp\htdocs\moduloRh\public\index.php(37): CodeIgniter\CodeIgniter->run()
#4 {main}
CRITICAL - 2022-03-13 08:17:27 --> Undefined variable: funcionario
#0 C:\xampp\htdocs\moduloRh\app\Views\register-employee.php(54): CodeIgniter\Debug\Exceptions->errorHandler(8, 'Undefined varia...', 'C:\\xampp\\htdocs...', 54, Array)
#1 C:\xampp\htdocs\moduloRh\system\View\View.php(210): include('C:\\xampp\\htdocs...')
#2 C:\xampp\htdocs\moduloRh\system\View\View.php(213): CodeIgniter\View\View->CodeIgniter\View\{closure}()
#3 C:\xampp\htdocs\moduloRh\system\Common.php(1089): CodeIgniter\View\View->render('register-employ...', Array, true)
#4 C:\xampp\htdocs\moduloRh\app\Controllers\Funcionarios.php(97): view('register-employ...', Array)
#5 C:\xampp\htdocs\moduloRh\system\CodeIgniter.php(825): App\Controllers\Funcionarios->registerEmployee('1')
#6 C:\xampp\htdocs\moduloRh\system\CodeIgniter.php(412): CodeIgniter\CodeIgniter->runController(Object(App\Controllers\Funcionarios))
#7 C:\xampp\htdocs\moduloRh\system\CodeIgniter.php(320): CodeIgniter\CodeIgniter->handleRequest(NULL, Object(Config\Cache), false)
#8 C:\xampp\htdocs\moduloRh\public\index.php(37): CodeIgniter\CodeIgniter->run()
#9 {main}
